<?xml version="1.0" encoding="UTF-8"?>
<!-- Generated by org.testng.reporters.JUnitReportReporter -->
<testsuite hostname="LTIN-APLKJVH91RQCR" failures="0" tests="1" name="scenarios.sc2Edge" time="4.310" errors="0" timestamp="2024-05-18T18:31:08 IST" skipped="0">
  <testcase classname="scenarios.sc2Edge" name="SortableList" time="4.310"/>
  <system-out>
    <![CDATA[Starting SortableList...
Sorting test passed successfully.]]>
  </system-out>
</testsuite> <!-- scenarios.sc2Edge -->
