<?xml version="1.0" encoding="UTF-8"?>
<!-- Generated by org.testng.reporters.JUnitReportReporter -->
<testsuite hostname="LTIN-APLKJVH91RQCR" failures="0" tests="1" name="scenarios.sc1" time="1.866" errors="0" timestamp="2024-05-18T18:27:13 IST" skipped="0">
  <testcase classname="scenarios.sc1" name="tesMenuActions" time="1.866"/>
  <system-out/>
</testsuite> <!-- scenarios.sc1 -->
