<?xml version="1.0" encoding="UTF-8"?>
<!-- Generated by org.testng.reporters.JUnitReportReporter -->
<testsuite hostname="LTIN-APLKJVH91RQCR" failures="0" tests="1" name="scenarios.sc4Firefox" time="4.067" errors="0" timestamp="2024-05-18T18:36:01 IST" skipped="0">
  <testcase classname="scenarios.sc4Firefox" name="testBasicAuth" time="4.067"/>
  <system-out/>
</testsuite> <!-- scenarios.sc4Firefox -->
