<?xml version="1.0" encoding="UTF-8"?>
<!-- Generated by org.testng.reporters.JUnitReportReporter -->
<testsuite hostname="LTIN-APLKJVH91RQCR" failures="0" tests="1" name="scenarios.sc2" time="3.622" errors="0" timestamp="2024-05-18T18:31:08 IST" skipped="0">
  <testcase classname="scenarios.sc2" name="SortableList" time="3.622"/>
  <system-out>
    <![CDATA[Starting testSortableList...
Sorting test passed successfully.]]>
  </system-out>
</testsuite> <!-- scenarios.sc2 -->
