<?xml version="1.0" encoding="UTF-8"?>
<!-- Generated by org.testng.reporters.JUnitReportReporter -->
<testsuite hostname="LTIN-APLKJVH91RQCR" failures="0" tests="1" name="scenarios.sc1Firefox" time="1.439" errors="0" timestamp="2024-05-18T17:06:52 IST" skipped="0">
  <testcase classname="scenarios.sc1Firefox" name="tesMenuActions" time="1.439"/>
  <system-out/>
</testsuite> <!-- scenarios.sc1Firefox -->
