<?xml version="1.0" encoding="UTF-8"?>
<!-- Generated by org.testng.reporters.JUnitReportReporter -->
<testsuite hostname="LTIN-APLKJVH91RQCR" failures="0" tests="1" name="scenarios.sc1Edge" time="2.605" errors="0" timestamp="2024-05-18T18:27:13 IST" skipped="0">
  <testcase classname="scenarios.sc1Edge" name="tesMenuActions" time="2.605"/>
  <system-out/>
</testsuite> <!-- scenarios.sc1Edge -->
