<?xml version="1.0" encoding="UTF-8"?>
<!-- Generated by org.testng.reporters.JUnitReportReporter -->
<testsuite hostname="LTIN-APLKJVH91RQCR" failures="0" tests="3" name="scenarios.sc3" time="24.169" errors="0" timestamp="2024-05-18T18:35:26 IST" skipped="0">
  <testcase classname="scenarios.sc3" name="printPageUrlTitleLinkTest" time="5.716"/>
  <system-out/>
  <testcase classname="scenarios.sc3" name="storeUrlsTest" time="18.453"/>
  <system-out/>
  <testcase classname="scenarios.sc3" name="maxLinkPageTitleTest" time="0.000"/>
  <system-out/>
</testsuite> <!-- scenarios.sc3 -->
