<?xml version="1.0" encoding="UTF-8"?>
<!-- Generated by org.testng.reporters.JUnitReportReporter -->
<testsuite hostname="LTIN-APLKJVH91RQCR" failures="0" tests="3" name="scenarios.sc3Edge" time="19.410" errors="0" timestamp="2024-05-18T18:35:26 IST" skipped="0">
  <testcase classname="scenarios.sc3Edge" name="maxLinkPageTitleTest" time="0.000"/>
  <system-out/>
  <testcase classname="scenarios.sc3Edge" name="storeUrlsTest" time="14.533"/>
  <system-out/>
  <testcase classname="scenarios.sc3Edge" name="printPageUrlTitleLinkTest" time="4.877"/>
  <system-out/>
</testsuite> <!-- scenarios.sc3Edge -->
